<?xml version="1.0" encoding="utf-8"?><testsuites name="pytest tests"><testsuite name="pytest" errors="0" failures="0" skipped="0" tests="17" time="2.263" timestamp="2026-02-05T17:29:21.795179+00:00" hostname="agent-env-b9132198-b239-4250-8223-d424e5c40fc7"><testcase classname="backend.tests.test_soft_delete_restore.TestSoftDeleteRestore" name="test_get_active_recruits" time="0.379" /><testcase classname="backend.tests.test_soft_delete_restore.TestSoftDeleteRestore" name="test_get_archived_recruits_endpoint" time="0.042" /><testcase classname="backend.tests.test_soft_delete_restore.TestSoftDeleteRestore" name="test_create_and_archive_recruit" time="0.172" /><testcase classname="backend.tests.test_soft_delete_restore.TestSoftDeleteRestore" name="test_restore_archived_recruit" time="0.246" /><testcase classname="backend.tests.test_soft_delete_restore.TestSoftDeleteRestore" name="test_restore_nonexistent_recruit_returns_404" time="0.037" /><testcase classname="backend.tests.test_soft_delete_restore.TestSoftDeleteRestore" name="test_get_active_interviews" time="0.041" /><testcase classname="backend.tests.test_soft_delete_restore.TestSoftDeleteRestore" name="test_get_archived_interviews_endpoint" time="0.040" /><testcase classname="backend.tests.test_soft_delete_restore.TestSoftDeleteRestore" name="test_create_and_archive_interview" time="0.172" /><testcase classname="backend.tests.test_soft_delete_restore.TestSoftDeleteRestore" name="test_restore_archived_interview" time="0.283" /><testcase classname="backend.tests.test_soft_delete_restore.TestSoftDeleteRestore" name="test_restore_nonexistent_interview_returns_404" time="0.040" /><testcase classname="backend.tests.test_soft_delete_restore.TestSoftDeleteRestore" name="test_stats_exclude_archived_interviews" time="0.362" /><testcase classname="backend.tests.test_soft_delete_restore.TestSoftDeleteRestore" name="test_delete_nonexistent_recruit_returns_404" time="0.044" /><testcase classname="backend.tests.test_soft_delete_restore.TestSoftDeleteRestore" name="test_delete_nonexistent_interview_returns_404" time="0.043" /><testcase classname="backend.tests.test_soft_delete_restore.TestSoftDeleteRestore" name="test_unauthenticated_recruit_delete_returns_401" time="0.038" /><testcase classname="backend.tests.test_soft_delete_restore.TestSoftDeleteRestore" name="test_unauthenticated_interview_delete_returns_401" time="0.038" /><testcase classname="backend.tests.test_soft_delete_restore.TestSoftDeleteRestore" name="test_unauthenticated_archived_recruits_returns_401" time="0.041" /><testcase classname="backend.tests.test_soft_delete_restore.TestSoftDeleteRestore" name="test_unauthenticated_archived_interviews_returns_401" time="0.039" /></testsuite></testsuites>