<?xml version="1.0" encoding="utf-8"?><testsuites name="pytest tests"><testsuite name="pytest" errors="0" failures="0" skipped="0" tests="16" time="20.895" timestamp="2026-02-05T17:55:24.486689+00:00" hostname="agent-env-b9132198-b239-4250-8223-d424e5c40fc7"><testcase classname="backend.tests.test_access_control_docusphere_sna.TestDocuSphereUploadAccess" name="test_state_manager_can_upload" time="1.425" /><testcase classname="backend.tests.test_access_control_docusphere_sna.TestDocuSphereUploadAccess" name="test_regional_manager_can_upload" time="1.359" /><testcase classname="backend.tests.test_access_control_docusphere_sna.TestDocuSphereUploadAccess" name="test_district_manager_can_upload" time="1.367" /><testcase classname="backend.tests.test_access_control_docusphere_sna.TestDocuSphereUploadAccess" name="test_agent_cannot_upload" time="1.361" /><testcase classname="backend.tests.test_access_control_docusphere_sna.TestDocuSphereUploadAccess" name="test_super_admin_can_upload" time="1.344" /><testcase classname="backend.tests.test_access_control_docusphere_sna.TestDocuSphereUploadAccess" name="test_upload_is_team_scoped" time="1.379" /><testcase classname="backend.tests.test_access_control_docusphere_sna.TestSNATrackerAccess" name="test_state_manager_can_access_sna" time="3.558" /><testcase classname="backend.tests.test_access_control_docusphere_sna.TestSNATrackerAccess" name="test_regional_manager_can_access_sna" time="1.350" /><testcase classname="backend.tests.test_access_control_docusphere_sna.TestSNATrackerAccess" name="test_district_manager_can_access_sna" time="1.356" /><testcase classname="backend.tests.test_access_control_docusphere_sna.TestSNATrackerAccess" name="test_agent_cannot_access_sna" time="1.351" /><testcase classname="backend.tests.test_access_control_docusphere_sna.TestSNATrackerAccess" name="test_super_admin_can_access_sna" time="1.387" /><testcase classname="backend.tests.test_access_control_docusphere_sna.TestSNATrackerAccess" name="test_sna_is_team_scoped" time="1.354" /><testcase classname="backend.tests.test_access_control_docusphere_sna.TestDocuSphereReadAccess" name="test_agent_can_read_documents" time="0.567" /><testcase classname="backend.tests.test_access_control_docusphere_sna.TestDocuSphereReadAccess" name="test_agent_can_read_folders" time="0.564" /><testcase classname="backend.tests.test_access_control_docusphere_sna.TestSNAExcludeInclude" name="test_state_manager_can_exclude_agent" time="0.567" /><testcase classname="backend.tests.test_access_control_docusphere_sna.TestSNAExcludeInclude" name="test_agent_cannot_exclude" time="0.552" /></testsuite></testsuites>