<?xml version="1.0" encoding="utf-8"?><testsuites name="pytest tests"><testsuite name="pytest" errors="0" failures="1" skipped="0" tests="21" time="1.556" timestamp="2026-01-29T17:26:48.556083+00:00" hostname="agent-env-9746c481-eb6e-4410-aec8-4a1aafa662cb"><testcase classname="backend.tests.test_full_health_check.TestFullHealthCheckEndpoint" name="test_health_check_returns_200" time="0.410" /><testcase classname="backend.tests.test_full_health_check.TestFullHealthCheckEndpoint" name="test_health_check_has_build_info" time="0.054" /><testcase classname="backend.tests.test_full_health_check.TestFullHealthCheckEndpoint" name="test_health_check_has_summary" time="0.052" /><testcase classname="backend.tests.test_full_health_check.TestFullHealthCheckEndpoint" name="test_health_check_has_teams_array" time="0.057" /><testcase classname="backend.tests.test_full_health_check.TestFullHealthCheckEndpoint" name="test_health_check_team_structure" time="0.050"><failure message="AssertionError: Missing users in counts for team Unassigned (Missing team_id)&#10;assert 'users' in {}">backend/tests/test_full_health_check.py:101: in test_health_check_team_structure
    assert col in counts, f"Missing {col} in counts for team {team['team_name']}"
E   AssertionError: Missing users in counts for team Unassigned (Missing team_id)
E   assert 'users' in {}</failure></testcase><testcase classname="backend.tests.test_full_health_check.TestFullHealthCheckEndpoint" name="test_health_check_team_sudbeck_exists" time="0.053" /><testcase classname="backend.tests.test_full_health_check.TestFullHealthCheckEndpoint" name="test_health_check_team_quick_exists" time="0.092" /><testcase classname="backend.tests.test_full_health_check.TestFullHealthCheckEndpoint" name="test_health_check_has_backfill_available" time="0.053" /><testcase classname="backend.tests.test_full_health_check.TestFullHealthCheckEndpoint" name="test_health_check_pass_status_when_no_issues" time="0.051" /><testcase classname="backend.tests.test_full_health_check.TestBackfillEndpoints" name="test_migrate_recruits_team_id" time="0.039" /><testcase classname="backend.tests.test_full_health_check.TestBackfillEndpoints" name="test_migrate_interviews_team_id" time="0.046" /><testcase classname="backend.tests.test_full_health_check.TestBackfillEndpoints" name="test_migrate_new_face_customers_team_id" time="0.048" /><testcase classname="backend.tests.test_full_health_check.TestBackfillEndpoints" name="test_migrate_activities_team_id" time="0.047" /><testcase classname="backend.tests.test_full_health_check.TestBackfillEndpoints" name="test_backfill_sna_agents_team_id" time="0.039" /><testcase classname="backend.tests.test_full_health_check.TestBackfillEndpoints" name="test_backfill_npa_agents_team_id" time="0.066" /><testcase classname="backend.tests.test_full_health_check.TestAuthorizationRequirements" name="test_health_check_requires_auth" time="0.040" /><testcase classname="backend.tests.test_full_health_check.TestAuthorizationRequirements" name="test_health_check_rejects_invalid_token" time="0.037" /><testcase classname="backend.tests.test_full_health_check.TestAuthorizationRequirements" name="test_backfill_requires_super_admin" time="0.041" /><testcase classname="backend.tests.test_full_health_check.TestHealthCheckDataIntegrity" name="test_team_counts_are_non_negative" time="0.054" /><testcase classname="backend.tests.test_full_health_check.TestHealthCheckDataIntegrity" name="test_missing_by_collection_matches_unassigned" time="0.063" /><testcase classname="backend.tests.test_full_health_check.TestHealthCheckDataIntegrity" name="test_backfill_available_reflects_missing_data" time="0.057" /></testsuite></testsuites>