<?xml version="1.0" encoding="utf-8"?><testsuites name="pytest tests"><testsuite name="pytest" errors="0" failures="0" skipped="0" tests="12" time="2.371" timestamp="2026-02-06T15:45:14.528341+00:00" hostname="agent-env-b9132198-b239-4250-8223-d424e5c40fc7"><testcase classname="backend.tests.test_recruiting_pipeline_scoping.TestRecruitingPipelineScoping" name="test_01_super_admin_login" time="0.324" /><testcase classname="backend.tests.test_recruiting_pipeline_scoping.TestRecruitingPipelineScoping" name="test_02_rm_test_login" time="0.307" /><testcase classname="backend.tests.test_recruiting_pipeline_scoping.TestRecruitingPipelineScoping" name="test_03_super_admin_sees_all_recruits" time="0.039" /><testcase classname="backend.tests.test_recruiting_pipeline_scoping.TestRecruitingPipelineScoping" name="test_04_rm_only_sees_own_pipeline" time="0.080" /><testcase classname="backend.tests.test_recruiting_pipeline_scoping.TestRecruitingPipelineScoping" name="test_05_super_admin_must_select_rm" time="0.044" /><testcase classname="backend.tests.test_recruiting_pipeline_scoping.TestRecruitingPipelineScoping" name="test_06_super_admin_can_add_to_any_rm_pipeline" time="0.155" /><testcase classname="backend.tests.test_recruiting_pipeline_scoping.TestRecruitingPipelineScoping" name="test_07_rm_auto_assigns_to_own_pipeline" time="0.084" /><testcase classname="backend.tests.test_recruiting_pipeline_scoping.TestRecruitingPipelineScoping" name="test_08_rm_cannot_see_other_rm_pipeline" time="0.079" /><testcase classname="backend.tests.test_recruiting_pipeline_scoping.TestRecruitingPipelineScoping" name="test_09_recruit_persists_rm_id_through_stages" time="0.225" /><testcase classname="backend.tests.test_recruiting_pipeline_scoping.TestRecruitingPipelineScoping" name="test_10_cleanup_test_recruits" time="0.196" /><testcase classname="backend.tests.test_recruiting_pipeline_scoping.TestRecruitingValidation" name="test_invalid_rm_id_rejected" time="0.339" /><testcase classname="backend.tests.test_recruiting_pipeline_scoping.TestRecruitingValidation" name="test_rm_cannot_modify_other_rm_recruit" time="0.375" /></testsuite></testsuites>