<?xml version="1.0" encoding="utf-8"?><testsuites name="pytest tests"><testsuite name="pytest" errors="0" failures="0" skipped="0" tests="16" time="1.536" timestamp="2026-01-27T06:02:34.683141+00:00" hostname="agent-env-e1c2a4be-8f9f-42bf-8d7c-50a578604571"><testcase classname="backend.tests.test_multitenancy.TestAuthentication" name="test_login_state_manager_success" time="0.281" /><testcase classname="backend.tests.test_multitenancy.TestAuthentication" name="test_login_invalid_credentials" time="0.040" /><testcase classname="backend.tests.test_multitenancy.TestAdminTeams" name="test_get_all_teams" time="0.302" /><testcase classname="backend.tests.test_multitenancy.TestAdminTeams" name="test_create_new_team" time="0.043" /><testcase classname="backend.tests.test_multitenancy.TestAdminTeams" name="test_create_duplicate_team_fails" time="0.039" /><testcase classname="backend.tests.test_multitenancy.TestAdminTeams" name="test_delete_empty_team" time="0.083" /><testcase classname="backend.tests.test_multitenancy.TestAdminTeams" name="test_delete_team_with_users_fails" time="0.078" /><testcase classname="backend.tests.test_multitenancy.TestAdminUsers" name="test_get_all_users" time="0.042" /><testcase classname="backend.tests.test_multitenancy.TestAdminUsers" name="test_assign_user_to_team" time="0.250" /><testcase classname="backend.tests.test_multitenancy.TestTeamScopedData" name="test_team_members_api" time="0.044" /><testcase classname="backend.tests.test_multitenancy.TestTeamScopedData" name="test_npa_tracker_api" time="0.039" /><testcase classname="backend.tests.test_multitenancy.TestTeamScopedData" name="test_interviews_api" time="0.040" /><testcase classname="backend.tests.test_multitenancy.TestTeamScopedData" name="test_recruiting_api" time="0.034" /><testcase classname="backend.tests.test_multitenancy.TestTeamScopedData" name="test_suitability_forms_api" time="0.041" /><testcase classname="backend.tests.test_multitenancy.TestTeamScopedData" name="test_activities_api" time="0.037" /><testcase classname="backend.tests.test_multitenancy.TestCleanup" name="test_cleanup_test_teams" time="0.073" /></testsuite></testsuites>