<?xml version="1.0" encoding="utf-8"?><testsuites name="pytest tests"><testsuite name="pytest" errors="0" failures="0" skipped="0" tests="23" time="1.610" timestamp="2026-01-27T06:13:55.102938+00:00" hostname="agent-env-e1c2a4be-8f9f-42bf-8d7c-50a578604571"><testcase classname="backend.tests.test_regression_multitenancy.TestLoginAndUserData" name="test_state_manager_login" time="0.298" /><testcase classname="backend.tests.test_regression_multitenancy.TestLoginAndUserData" name="test_user_has_team_assignment" time="0.306" /><testcase classname="backend.tests.test_regression_multitenancy.TestTeamMembersAndHierarchy" name="test_get_team_members" time="0.041" /><testcase classname="backend.tests.test_regression_multitenancy.TestTeamMembersAndHierarchy" name="test_get_hierarchy" time="0.060" /><testcase classname="backend.tests.test_regression_multitenancy.TestActivitiesWithTeamScope" name="test_get_my_activities" time="0.042" /><testcase classname="backend.tests.test_regression_multitenancy.TestActivitiesWithTeamScope" name="test_get_team_activities" time="0.040" /><testcase classname="backend.tests.test_regression_multitenancy.TestActivitiesWithTeamScope" name="test_save_activity" time="0.040" /><testcase classname="backend.tests.test_regression_multitenancy.TestNPATrackerWithTeamScope" name="test_get_npa_tracker" time="0.034" /><testcase classname="backend.tests.test_regression_multitenancy.TestInterviewsWithTeamScope" name="test_get_interviews" time="0.041" /><testcase classname="backend.tests.test_regression_multitenancy.TestRecruitingWithTeamScope" name="test_get_recruiting" time="0.043" /><testcase classname="backend.tests.test_regression_multitenancy.TestSuitabilityFormsWithTeamScope" name="test_get_suitability_forms" time="0.040" /><testcase classname="backend.tests.test_regression_multitenancy.TestReportsWithTeamScope" name="test_get_daily_report" time="0.050" /><testcase classname="backend.tests.test_regression_multitenancy.TestReportsWithTeamScope" name="test_get_period_report" time="0.044" /><testcase classname="backend.tests.test_regression_multitenancy.TestReportsWithTeamScope" name="test_get_managers_list" time="0.046" /><testcase classname="backend.tests.test_regression_multitenancy.TestLeaderboardWithTeamScope" name="test_get_leaderboard" time="0.046" /><testcase classname="backend.tests.test_regression_multitenancy.TestGoalsWithTeamScope" name="test_get_pma_bonuses" time="0.041" /><testcase classname="backend.tests.test_regression_multitenancy.TestNewFaceCustomersWithTeamScope" name="test_get_my_new_face_customers" time="0.040" /><testcase classname="backend.tests.test_regression_multitenancy.TestPMABonusesWithTeamScope" name="test_get_pma_bonuses" time="0.037" /><testcase classname="backend.tests.test_regression_multitenancy.TestDocuSphereWithTeamScope" name="test_get_docusphere_folders" time="0.036" /><testcase classname="backend.tests.test_regression_multitenancy.TestAdminPanelAccess" name="test_admin_teams_access" time="0.039" /><testcase classname="backend.tests.test_regression_multitenancy.TestAdminPanelAccess" name="test_admin_users_access" time="0.041" /><testcase classname="backend.tests.test_regression_multitenancy.TestDataIsolation" name="test_all_users_have_team_id" time="0.037" /><testcase classname="backend.tests.test_regression_multitenancy.TestDataIsolation" name="test_team_members_match_admin_count" time="0.081" /></testsuite></testsuites>