<?xml version="1.0" encoding="utf-8"?><testsuites name="pytest tests"><testsuite name="pytest" errors="0" failures="3" skipped="0" tests="28" time="48.957" timestamp="2026-01-29T03:11:47.392859+00:00" hostname="agent-env-ffb6ef8e-d20f-420a-b5c8-4582a9bddc4e"><testcase classname="backend.tests.test_data_isolation.TestDataIsolation" name="test_leaderboard_daily_returns_200" time="0.353" /><testcase classname="backend.tests.test_data_isolation.TestDataIsolation" name="test_leaderboard_weekly_returns_200" time="0.038" /><testcase classname="backend.tests.test_data_isolation.TestDataIsolation" name="test_leaderboard_monthly_returns_200" time="0.037" /><testcase classname="backend.tests.test_data_isolation.TestDataIsolation" name="test_leaderboard_quarterly_returns_200" time="0.038" /><testcase classname="backend.tests.test_data_isolation.TestDataIsolation" name="test_leaderboard_yearly_returns_200" time="0.077" /><testcase classname="backend.tests.test_data_isolation.TestDataIsolation" name="test_sna_tracker_returns_200" time="0.035" /><testcase classname="backend.tests.test_data_isolation.TestDataIsolation" name="test_npa_tracker_returns_200" time="0.043" /><testcase classname="backend.tests.test_data_isolation.TestDataIsolation" name="test_analytics_personal_averages_returns_200" time="0.040" /><testcase classname="backend.tests.test_data_isolation.TestDataIsolation" name="test_analytics_team_averages_returns_200" time="0.042" /><testcase classname="backend.tests.test_data_isolation.TestDataIsolation" name="test_analytics_individual_member_averages_returns_200" time="0.048" /><testcase classname="backend.tests.test_data_isolation.TestDataIsolation" name="test_analytics_manager_team_averages_returns_200" time="0.078" /><testcase classname="backend.tests.test_data_isolation.TestDataIsolation" name="test_reports_managers_returns_200" time="0.041" /><testcase classname="backend.tests.test_data_isolation.TestDataIsolation" name="test_reports_daily_team_returns_200" time="0.041" /><testcase classname="backend.tests.test_data_isolation.TestDataIsolation" name="test_reports_period_team_returns_200" time="0.038"><failure message="AssertionError: Period team report failed: {&quot;detail&quot;:[{&quot;type&quot;:&quot;missing&quot;,&quot;loc&quot;:[&quot;query&quot;,&quot;period&quot;],&quot;msg&quot;:&quot;Field required&quot;,&quot;input&quot;:null,&quot;url&quot;:&quot;https://errors.pydantic.dev/2.12/v/missing&quot;}]}&#10;assert 422 == 200&#10; +  where 422 = &lt;Response [422]&gt;.status_code">backend/tests/test_data_isolation.py:169: in test_reports_period_team_returns_200
    assert response.status_code == 200, f"Period team report failed: {response.text}"
E   AssertionError: Period team report failed: {"detail":[{"type":"missing","loc":["query","period"],"msg":"Field required","input":null,"url":"https://errors.pydantic.dev/2.12/v/missing"}]}
E   assert 422 == 200
E    +  where 422 = &lt;Response [422]&gt;.status_code</failure></testcase><testcase classname="backend.tests.test_data_isolation.TestDataIsolation" name="test_suitability_forms_returns_200" time="0.049" /><testcase classname="backend.tests.test_data_isolation.TestDataIsolation" name="test_suitability_forms_weekly_report_returns_200" time="0.038" /><testcase classname="backend.tests.test_data_isolation.TestDataIsolation" name="test_debug_cleanup_all_duplicates_returns_200" time="0.038" /><testcase classname="backend.tests.test_data_isolation.TestTeamScopedDataVerification" name="test_get_all_subordinates_helper_has_team_id_param" time="0.326" /><testcase classname="backend.tests.test_data_isolation.TestTeamScopedDataVerification" name="test_leaderboard_filters_by_team_id" time="0.041" /><testcase classname="backend.tests.test_data_isolation.TestTeamScopedDataVerification" name="test_sna_tracker_filters_by_team_id" time="0.036" /><testcase classname="backend.tests.test_data_isolation.TestTeamScopedDataVerification" name="test_npa_tracker_filters_by_team_id" time="0.034" /><testcase classname="backend.tests.test_data_isolation.TestTeamScopedDataVerification" name="test_analytics_team_averages_filters_by_team_id" time="0.039" /><testcase classname="backend.tests.test_data_isolation.TestTeamScopedDataVerification" name="test_suitability_export_filters_by_team_id" time="0.038" /><testcase classname="backend.tests.test_data_isolation.TestTeamScopedDataVerification" name="test_debug_user_activities_requires_team_scope" time="11.295" /><testcase classname="backend.tests.test_data_isolation.TestReportsEndpointsDataIsolation" name="test_reports_excel_period_returns_200" time="28.097"><failure message="AssertionError: Unexpected status: 422&#10;assert 422 in [200, 404]&#10; +  where 422 = &lt;Response [422]&gt;.status_code">backend/tests/test_data_isolation.py:313: in test_reports_excel_period_returns_200
    assert response.status_code in [200, 404], f"Unexpected status: {response.status_code}"
E   AssertionError: Unexpected status: 422
E   assert 422 in [200, 404]
E    +  where 422 = &lt;Response [422]&gt;.status_code</failure></testcase><testcase classname="backend.tests.test_data_isolation.TestReportsEndpointsDataIsolation" name="test_reports_excel_newface_returns_200" time="7.180"><failure message="AssertionError: Unexpected status: 403&#10;assert 403 in [200, 404]&#10; +  where 403 = &lt;Response [403]&gt;.status_code">backend/tests/test_data_isolation.py:323: in test_reports_excel_newface_returns_200
    assert response.status_code in [200, 404], f"Unexpected status: {response.status_code}"
E   AssertionError: Unexpected status: 403
E   assert 403 in [200, 404]
E    +  where 403 = &lt;Response [403]&gt;.status_code</failure></testcase><testcase classname="backend.tests.test_data_isolation.TestAnalyticsManagerSubordinates" name="test_manager_subordinates_endpoint" time="0.353" /><testcase classname="backend.tests.test_data_isolation.TestTrueFieldAverages" name="test_true_field_averages_endpoint" time="0.295" /></testsuite></testsuites>