<?xml version="1.0" encoding="utf-8"?><testsuites name="pytest tests"><testsuite name="pytest" errors="0" failures="5" skipped="0" tests="23" time="1.666" timestamp="2026-01-27T06:12:10.018226+00:00" hostname="agent-env-e1c2a4be-8f9f-42bf-8d7c-50a578604571"><testcase classname="backend.tests.test_regression_multitenancy.TestLoginAndUserData" name="test_state_manager_login" time="0.299" /><testcase classname="backend.tests.test_regression_multitenancy.TestLoginAndUserData" name="test_user_has_team_assignment" time="0.310"><failure message="AssertionError: User should have team_id assigned&#10;assert None is not None&#10; +  where None = &lt;built-in method get of dict object at 0xf8f805a9e9c0&gt;('team_id')&#10; +    where &lt;built-in method get of dict object at 0xf8f805a9e9c0&gt; = {'email': 'spencer.sudbeck@pmagent.net', 'id': 'c8171109-3850-44c2-86e2-84c9dbb4e492', 'manager_id': None, 'name': 'Spencer Sudbeck', ...}.get">backend/tests/test_regression_multitenancy.py:64: in test_user_has_team_assignment
    assert user.get("team_id") is not None, "User should have team_id assigned"
E   AssertionError: User should have team_id assigned
E   assert None is not None
E    +  where None = &lt;built-in method get of dict object at 0xf8f805a9e9c0&gt;('team_id')
E    +    where &lt;built-in method get of dict object at 0xf8f805a9e9c0&gt; = {'email': 'spencer.sudbeck@pmagent.net', 'id': 'c8171109-3850-44c2-86e2-84c9dbb4e492', 'manager_id': None, 'name': 'Spencer Sudbeck', ...}.get</failure></testcase><testcase classname="backend.tests.test_regression_multitenancy.TestTeamMembersAndHierarchy" name="test_get_team_members" time="0.039" /><testcase classname="backend.tests.test_regression_multitenancy.TestTeamMembersAndHierarchy" name="test_get_hierarchy" time="0.049"><failure message="assert 404 == 200&#10; +  where 404 = &lt;Response [404]&gt;.status_code">backend/tests/test_regression_multitenancy.py:83: in test_get_hierarchy
    assert response.status_code == 200
E   assert 404 == 200
E    +  where 404 = &lt;Response [404]&gt;.status_code</failure></testcase><testcase classname="backend.tests.test_regression_multitenancy.TestActivitiesWithTeamScope" name="test_get_my_activities" time="0.043" /><testcase classname="backend.tests.test_regression_multitenancy.TestActivitiesWithTeamScope" name="test_get_team_activities" time="0.037"><failure message="assert 405 == 200&#10; +  where 405 = &lt;Response [405]&gt;.status_code">backend/tests/test_regression_multitenancy.py:103: in test_get_team_activities
    assert response.status_code == 200
E   assert 405 == 200
E    +  where 405 = &lt;Response [405]&gt;.status_code</failure></testcase><testcase classname="backend.tests.test_regression_multitenancy.TestActivitiesWithTeamScope" name="test_save_activity" time="0.044" /><testcase classname="backend.tests.test_regression_multitenancy.TestNPATrackerWithTeamScope" name="test_get_npa_tracker" time="0.041" /><testcase classname="backend.tests.test_regression_multitenancy.TestInterviewsWithTeamScope" name="test_get_interviews" time="0.041" /><testcase classname="backend.tests.test_regression_multitenancy.TestRecruitingWithTeamScope" name="test_get_recruiting" time="0.039" /><testcase classname="backend.tests.test_regression_multitenancy.TestSuitabilityFormsWithTeamScope" name="test_get_suitability_forms" time="0.040" /><testcase classname="backend.tests.test_regression_multitenancy.TestReportsWithTeamScope" name="test_get_daily_report" time="0.055" /><testcase classname="backend.tests.test_regression_multitenancy.TestReportsWithTeamScope" name="test_get_period_report" time="0.075" /><testcase classname="backend.tests.test_regression_multitenancy.TestReportsWithTeamScope" name="test_get_managers_list" time="0.048" /><testcase classname="backend.tests.test_regression_multitenancy.TestLeaderboardWithTeamScope" name="test_get_leaderboard" time="0.039"><failure message="assert 404 == 200&#10; +  where 404 = &lt;Response [404]&gt;.status_code">backend/tests/test_regression_multitenancy.py:216: in test_get_leaderboard
    assert response.status_code == 200
E   assert 404 == 200
E    +  where 404 = &lt;Response [404]&gt;.status_code</failure></testcase><testcase classname="backend.tests.test_regression_multitenancy.TestGoalsWithTeamScope" name="test_get_team_goals" time="0.035"><failure message="assert 405 == 200&#10; +  where 405 = &lt;Response [405]&gt;.status_code">backend/tests/test_regression_multitenancy.py:228: in test_get_team_goals
    assert response.status_code == 200
E   assert 405 == 200
E    +  where 405 = &lt;Response [405]&gt;.status_code</failure></testcase><testcase classname="backend.tests.test_regression_multitenancy.TestNewFaceCustomersWithTeamScope" name="test_get_my_new_face_customers" time="0.039" /><testcase classname="backend.tests.test_regression_multitenancy.TestPMABonusesWithTeamScope" name="test_get_pma_bonuses" time="0.040" /><testcase classname="backend.tests.test_regression_multitenancy.TestDocuSphereWithTeamScope" name="test_get_docusphere_folders" time="0.041" /><testcase classname="backend.tests.test_regression_multitenancy.TestAdminPanelAccess" name="test_admin_teams_access" time="0.038" /><testcase classname="backend.tests.test_regression_multitenancy.TestAdminPanelAccess" name="test_admin_users_access" time="0.039" /><testcase classname="backend.tests.test_regression_multitenancy.TestDataIsolation" name="test_all_users_have_team_id" time="0.041" /><testcase classname="backend.tests.test_regression_multitenancy.TestDataIsolation" name="test_team_members_match_admin_count" time="0.072" /></testsuite></testsuites>