<?xml version="1.0" encoding="utf-8"?><testsuites name="pytest tests"><testsuite name="pytest" errors="0" failures="0" skipped="0" tests="12" time="1.908" timestamp="2026-01-27T15:09:20.553581+00:00" hostname="agent-env-55d98ee8-75d3-4a36-a3ea-600731f0e76c"><testcase classname="backend.tests.test_hierarchy_scoping.TestTeamIsolation" name="test_team_quick_sm_sees_only_team_quick_users" time="0.370" /><testcase classname="backend.tests.test_hierarchy_scoping.TestTeamIsolation" name="test_team_sudbeck_sm_sees_only_team_sudbeck_users" time="0.322" /><testcase classname="backend.tests.test_hierarchy_scoping.TestTeamIsolation" name="test_super_admin_sees_all_users" time="0.311" /><testcase classname="backend.tests.test_hierarchy_scoping.TestReportsManagersEndpoint" name="test_team_quick_sm_managers_list_scoped" time="0.042" /><testcase classname="backend.tests.test_hierarchy_scoping.TestReportsManagersEndpoint" name="test_team_sudbeck_sm_managers_list_scoped" time="0.084" /><testcase classname="backend.tests.test_hierarchy_scoping.TestAdminHierarchyEndpoints" name="test_get_team_hierarchy" time="0.039" /><testcase classname="backend.tests.test_hierarchy_scoping.TestAdminHierarchyEndpoints" name="test_get_broken_hierarchy" time="0.042" /><testcase classname="backend.tests.test_hierarchy_scoping.TestAdminHierarchyEndpoints" name="test_non_super_admin_cannot_access_hierarchy" time="0.039" /><testcase classname="backend.tests.test_hierarchy_scoping.TestArchivedUsersScoping" name="test_archived_users_scoped_by_team" time="0.380" /><testcase classname="backend.tests.test_hierarchy_scoping.TestRoleBasedAccess" name="test_state_manager_has_admin_privileges" time="0.083" /><testcase classname="backend.tests.test_hierarchy_scoping.TestRoleBasedAccess" name="test_super_admin_can_access_all_admin_endpoints" time="0.085" /><testcase classname="backend.tests.test_hierarchy_scoping.TestHierarchyIntegrity" name="test_team_quick_hierarchy_rolls_up" time="0.040" /></testsuite></testsuites>