<?xml version="1.0" encoding="utf-8"?><testsuites name="pytest tests"><testsuite name="pytest" errors="0" failures="0" skipped="0" tests="9" time="1.298" timestamp="2026-01-20T05:46:27.878541+00:00" hostname="agent-env-f8dbcf0c-0de8-4aad-a253-799681678bd1"><testcase classname="tests.test_npa_sna_tracker.TestAuthentication" name="test_login_state_manager" time="0.309" /><testcase classname="tests.test_npa_sna_tracker.TestNPATracker" name="test_get_npa_tracker" time="0.312" /><testcase classname="tests.test_npa_sna_tracker.TestNPATracker" name="test_add_npa_agent_manual" time="0.039" /><testcase classname="tests.test_npa_sna_tracker.TestNPATracker" name="test_verify_manual_agent_in_list" time="0.041" /><testcase classname="tests.test_npa_sna_tracker.TestNPATracker" name="test_update_npa_agent" time="0.115" /><testcase classname="tests.test_npa_sna_tracker.TestNPATracker" name="test_delete_npa_agent" time="0.151" /><testcase classname="tests.test_npa_sna_tracker.TestSNATracker" name="test_get_sna_tracker" time="0.040" /><testcase classname="tests.test_npa_sna_tracker.TestTeamMembers" name="test_get_all_team_members" time="0.038" /><testcase classname="tests.test_npa_sna_tracker.TestNPAWithTeamMember" name="test_add_team_member_to_npa" time="0.185" /></testsuite></testsuites>