<?xml version="1.0" encoding="utf-8"?><testsuites name="pytest tests"><testsuite name="pytest" errors="0" failures="1" skipped="0" tests="16" time="1.767" timestamp="2026-01-27T06:02:19.906609+00:00" hostname="agent-env-e1c2a4be-8f9f-42bf-8d7c-50a578604571"><testcase classname="backend.tests.test_multitenancy.TestAuthentication" name="test_login_state_manager_success" time="0.296" /><testcase classname="backend.tests.test_multitenancy.TestAuthentication" name="test_login_invalid_credentials" time="0.040" /><testcase classname="backend.tests.test_multitenancy.TestAdminTeams" name="test_get_all_teams" time="0.304" /><testcase classname="backend.tests.test_multitenancy.TestAdminTeams" name="test_create_new_team" time="0.041" /><testcase classname="backend.tests.test_multitenancy.TestAdminTeams" name="test_create_duplicate_team_fails" time="0.039" /><testcase classname="backend.tests.test_multitenancy.TestAdminTeams" name="test_delete_empty_team" time="0.161" /><testcase classname="backend.tests.test_multitenancy.TestAdminTeams" name="test_delete_team_with_users_fails" time="0.087" /><testcase classname="backend.tests.test_multitenancy.TestAdminUsers" name="test_get_all_users" time="0.045" /><testcase classname="backend.tests.test_multitenancy.TestAdminUsers" name="test_assign_user_to_team" time="0.244" /><testcase classname="backend.tests.test_multitenancy.TestTeamScopedData" name="test_team_members_api" time="0.041" /><testcase classname="backend.tests.test_multitenancy.TestTeamScopedData" name="test_npa_tracker_api" time="0.040"><failure message="AssertionError: assert False&#10; +  where False = isinstance({'achieved': [{'achieved_npa': True, 'achievement_date': '2026-01-08', 'added_by': 'c8171109-3850-44c2-86e2-84c9dbb4e492', 'added_by_name': 'Spencer Sudbeck', ...}, {'achieved_npa': True, 'achievement_date': '2026-01-08', 'added_by': 'c8171109-3850-44c2-86e2-84c9dbb4e492', 'added_by_name': 'Spencer Sudbeck', ...}, {'achieved_npa': True, 'achievement_date': '2026-01-08', 'added_by': 'c8171109-3850-44c2-86e2-84c9dbb4e492', 'added_by_name': 'Spencer Sudbeck', ...}, {'achieved_npa': True, 'achievement_date': '2026-01-08', 'added_by': 'c8171109-3850-44c2-86e2-84c9dbb4e492', 'added_by_name': 'Spencer Sudbeck', ...}], 'active': [{'achieved_npa': False, 'achievement_date': None, 'added_by': '1eaba48c-d249-4cb5-b0a3-8fe03da328cb', 'added_by_name': 'District Manager Tracker Test', ...}], 'goal': 1000}, list)">backend/tests/test_multitenancy.py:205: in test_npa_tracker_api
    assert isinstance(data, list)
E   AssertionError: assert False
E    +  where False = isinstance({'achieved': [{'achieved_npa': True, 'achievement_date': '2026-01-08', 'added_by': 'c8171109-3850-44c2-86e2-84c9dbb4e492', 'added_by_name': 'Spencer Sudbeck', ...}, {'achieved_npa': True, 'achievement_date': '2026-01-08', 'added_by': 'c8171109-3850-44c2-86e2-84c9dbb4e492', 'added_by_name': 'Spencer Sudbeck', ...}, {'achieved_npa': True, 'achievement_date': '2026-01-08', 'added_by': 'c8171109-3850-44c2-86e2-84c9dbb4e492', 'added_by_name': 'Spencer Sudbeck', ...}, {'achieved_npa': True, 'achievement_date': '2026-01-08', 'added_by': 'c8171109-3850-44c2-86e2-84c9dbb4e492', 'added_by_name': 'Spencer Sudbeck', ...}], 'active': [{'achieved_npa': False, 'achievement_date': None, 'added_by': '1eaba48c-d249-4cb5-b0a3-8fe03da328cb', 'added_by_name': 'District Manager Tracker Test', ...}], 'goal': 1000}, list)</failure></testcase><testcase classname="backend.tests.test_multitenancy.TestTeamScopedData" name="test_interviews_api" time="0.047" /><testcase classname="backend.tests.test_multitenancy.TestTeamScopedData" name="test_recruiting_api" time="0.039" /><testcase classname="backend.tests.test_multitenancy.TestTeamScopedData" name="test_suitability_forms_api" time="0.080" /><testcase classname="backend.tests.test_multitenancy.TestTeamScopedData" name="test_activities_api" time="0.040" /><testcase classname="backend.tests.test_multitenancy.TestCleanup" name="test_cleanup_test_teams" time="0.082" /></testsuite></testsuites>