<?xml version="1.0" encoding="utf-8"?><testsuites name="pytest tests"><testsuite name="pytest" errors="0" failures="0" skipped="0" tests="13" time="4.097" timestamp="2026-01-30T23:13:32.398326+00:00" hostname="agent-env-4748cda8-dd1c-4edb-aee3-f86bf5cf7a27"><testcase classname="tests.test_suitability_reports.TestSuitabilityReports" name="test_all_time_report_returns_all_forms" time="0.326" /><testcase classname="tests.test_suitability_reports.TestSuitabilityReports" name="test_weekly_report_with_date_picker" time="0.309" /><testcase classname="tests.test_suitability_reports.TestSuitabilityReports" name="test_weekly_report_defaults_to_current_week" time="0.308" /><testcase classname="tests.test_suitability_reports.TestSuitabilityReports" name="test_monthly_report_with_month_picker" time="0.302" /><testcase classname="tests.test_suitability_reports.TestSuitabilityReports" name="test_monthly_report_defaults_to_current_month" time="0.299" /><testcase classname="tests.test_suitability_reports.TestSuitabilityReports" name="test_invalid_period_returns_400" time="0.301" /><testcase classname="tests.test_suitability_reports.TestSuitabilityReports" name="test_invalid_week_start_date_returns_400" time="0.339" /><testcase classname="tests.test_suitability_reports.TestSuitabilityReports" name="test_invalid_month_format_returns_400" time="0.306" /><testcase classname="tests.test_suitability_reports.TestSuitabilityReportAccessControl" name="test_agent_sees_only_own_forms" time="0.303" /><testcase classname="tests.test_suitability_reports.TestSuitabilityReportAccessControl" name="test_super_admin_sees_full_team" time="0.303" /><testcase classname="tests.test_suitability_reports.TestSuitabilityReportExcel" name="test_excel_export_all_time" time="0.306" /><testcase classname="tests.test_suitability_reports.TestSuitabilityReportExcel" name="test_excel_export_weekly" time="0.302" /><testcase classname="tests.test_suitability_reports.TestSuitabilityReportExcel" name="test_excel_export_monthly" time="0.343" /></testsuite></testsuites>