<?xml version="1.0" encoding="utf-8"?><testsuites name="pytest tests"><testsuite name="pytest" errors="0" failures="0" skipped="0" tests="28" time="3.054" timestamp="2026-01-29T03:13:18.652750+00:00" hostname="agent-env-ffb6ef8e-d20f-420a-b5c8-4582a9bddc4e"><testcase classname="backend.tests.test_data_isolation.TestDataIsolation" name="test_leaderboard_daily_returns_200" time="0.365" /><testcase classname="backend.tests.test_data_isolation.TestDataIsolation" name="test_leaderboard_weekly_returns_200" time="0.047" /><testcase classname="backend.tests.test_data_isolation.TestDataIsolation" name="test_leaderboard_monthly_returns_200" time="0.041" /><testcase classname="backend.tests.test_data_isolation.TestDataIsolation" name="test_leaderboard_quarterly_returns_200" time="0.046" /><testcase classname="backend.tests.test_data_isolation.TestDataIsolation" name="test_leaderboard_yearly_returns_200" time="0.037" /><testcase classname="backend.tests.test_data_isolation.TestDataIsolation" name="test_sna_tracker_returns_200" time="0.036" /><testcase classname="backend.tests.test_data_isolation.TestDataIsolation" name="test_npa_tracker_returns_200" time="0.035" /><testcase classname="backend.tests.test_data_isolation.TestDataIsolation" name="test_analytics_personal_averages_returns_200" time="0.041" /><testcase classname="backend.tests.test_data_isolation.TestDataIsolation" name="test_analytics_team_averages_returns_200" time="0.038" /><testcase classname="backend.tests.test_data_isolation.TestDataIsolation" name="test_analytics_individual_member_averages_returns_200" time="0.037" /><testcase classname="backend.tests.test_data_isolation.TestDataIsolation" name="test_analytics_manager_team_averages_returns_200" time="0.038" /><testcase classname="backend.tests.test_data_isolation.TestDataIsolation" name="test_reports_managers_returns_200" time="0.039" /><testcase classname="backend.tests.test_data_isolation.TestDataIsolation" name="test_reports_daily_team_returns_200" time="0.034" /><testcase classname="backend.tests.test_data_isolation.TestDataIsolation" name="test_reports_period_team_returns_200" time="0.036" /><testcase classname="backend.tests.test_data_isolation.TestDataIsolation" name="test_suitability_forms_returns_200" time="0.041" /><testcase classname="backend.tests.test_data_isolation.TestDataIsolation" name="test_suitability_forms_weekly_report_returns_200" time="0.035" /><testcase classname="backend.tests.test_data_isolation.TestDataIsolation" name="test_debug_cleanup_all_duplicates_returns_200" time="0.083" /><testcase classname="backend.tests.test_data_isolation.TestTeamScopedDataVerification" name="test_get_all_subordinates_helper_has_team_id_param" time="0.295" /><testcase classname="backend.tests.test_data_isolation.TestTeamScopedDataVerification" name="test_leaderboard_filters_by_team_id" time="0.034" /><testcase classname="backend.tests.test_data_isolation.TestTeamScopedDataVerification" name="test_sna_tracker_filters_by_team_id" time="0.035" /><testcase classname="backend.tests.test_data_isolation.TestTeamScopedDataVerification" name="test_npa_tracker_filters_by_team_id" time="0.037" /><testcase classname="backend.tests.test_data_isolation.TestTeamScopedDataVerification" name="test_analytics_team_averages_filters_by_team_id" time="0.044" /><testcase classname="backend.tests.test_data_isolation.TestTeamScopedDataVerification" name="test_suitability_export_filters_by_team_id" time="0.037" /><testcase classname="backend.tests.test_data_isolation.TestTeamScopedDataVerification" name="test_debug_user_activities_requires_team_scope" time="0.072" /><testcase classname="backend.tests.test_data_isolation.TestReportsEndpointsDataIsolation" name="test_reports_excel_period_returns_200" time="0.731" /><testcase classname="backend.tests.test_data_isolation.TestReportsEndpointsDataIsolation" name="test_reports_excel_newface_returns_200" time="0.033" /><testcase classname="backend.tests.test_data_isolation.TestAnalyticsManagerSubordinates" name="test_manager_subordinates_endpoint" time="0.331" /><testcase classname="backend.tests.test_data_isolation.TestTrueFieldAverages" name="test_true_field_averages_endpoint" time="0.295" /></testsuite></testsuites>