<?xml version="1.0" encoding="utf-8"?><testsuites name="pytest tests"><testsuite name="pytest" errors="0" failures="0" skipped="9" tests="16" time="18.649" timestamp="2026-02-05T17:53:33.926524+00:00" hostname="agent-env-b9132198-b239-4250-8223-d424e5c40fc7"><testcase classname="backend.tests.test_access_control_docusphere_sna.TestDocuSphereUploadAccess" name="test_state_manager_can_upload" time="1.382"><skipped type="pytest.skip" message="State Manager credentials not available">/app/backend/tests/test_access_control_docusphere_sna.py:89: State Manager credentials not available</skipped></testcase><testcase classname="backend.tests.test_access_control_docusphere_sna.TestDocuSphereUploadAccess" name="test_regional_manager_can_upload" time="1.359"><skipped type="pytest.skip" message="Regional Manager credentials not available">/app/backend/tests/test_access_control_docusphere_sna.py:111: Regional Manager credentials not available</skipped></testcase><testcase classname="backend.tests.test_access_control_docusphere_sna.TestDocuSphereUploadAccess" name="test_district_manager_can_upload" time="1.360"><skipped type="pytest.skip" message="District Manager credentials not available">/app/backend/tests/test_access_control_docusphere_sna.py:132: District Manager credentials not available</skipped></testcase><testcase classname="backend.tests.test_access_control_docusphere_sna.TestDocuSphereUploadAccess" name="test_agent_cannot_upload" time="1.391" /><testcase classname="backend.tests.test_access_control_docusphere_sna.TestDocuSphereUploadAccess" name="test_super_admin_can_upload" time="1.368" /><testcase classname="backend.tests.test_access_control_docusphere_sna.TestDocuSphereUploadAccess" name="test_upload_is_team_scoped" time="1.350"><skipped type="pytest.skip" message="State Manager credentials not available">/app/backend/tests/test_access_control_docusphere_sna.py:193: State Manager credentials not available</skipped></testcase><testcase classname="backend.tests.test_access_control_docusphere_sna.TestSNATrackerAccess" name="test_state_manager_can_access_sna" time="1.310"><skipped type="pytest.skip" message="State Manager credentials not available">/app/backend/tests/test_access_control_docusphere_sna.py:260: State Manager credentials not available</skipped></testcase><testcase classname="backend.tests.test_access_control_docusphere_sna.TestSNATrackerAccess" name="test_regional_manager_can_access_sna" time="1.343"><skipped type="pytest.skip" message="Regional Manager credentials not available">/app/backend/tests/test_access_control_docusphere_sna.py:280: Regional Manager credentials not available</skipped></testcase><testcase classname="backend.tests.test_access_control_docusphere_sna.TestSNATrackerAccess" name="test_district_manager_can_access_sna" time="1.315"><skipped type="pytest.skip" message="District Manager credentials not available">/app/backend/tests/test_access_control_docusphere_sna.py:298: District Manager credentials not available</skipped></testcase><testcase classname="backend.tests.test_access_control_docusphere_sna.TestSNATrackerAccess" name="test_agent_cannot_access_sna" time="1.442" /><testcase classname="backend.tests.test_access_control_docusphere_sna.TestSNATrackerAccess" name="test_super_admin_can_access_sna" time="1.347" /><testcase classname="backend.tests.test_access_control_docusphere_sna.TestSNATrackerAccess" name="test_sna_is_team_scoped" time="1.336"><skipped type="pytest.skip" message="State Manager credentials not available">/app/backend/tests/test_access_control_docusphere_sna.py:347: State Manager credentials not available</skipped></testcase><testcase classname="backend.tests.test_access_control_docusphere_sna.TestDocuSphereReadAccess" name="test_agent_can_read_documents" time="0.606" /><testcase classname="backend.tests.test_access_control_docusphere_sna.TestDocuSphereReadAccess" name="test_agent_can_read_folders" time="0.568" /><testcase classname="backend.tests.test_access_control_docusphere_sna.TestSNAExcludeInclude" name="test_state_manager_can_exclude_agent" time="0.530"><skipped type="pytest.skip" message="State Manager credentials not available">/app/backend/tests/test_access_control_docusphere_sna.py:429: State Manager credentials not available</skipped></testcase><testcase classname="backend.tests.test_access_control_docusphere_sna.TestSNAExcludeInclude" name="test_agent_cannot_exclude" time="0.570" /></testsuite></testsuites>