<?xml version="1.0" encoding="utf-8"?><testsuites name="pytest tests"><testsuite name="pytest" errors="0" failures="5" skipped="0" tests="19" time="1.665" timestamp="2026-01-30T06:30:24.304715+00:00" hostname="agent-env-ac171e99-479c-4aa9-bb43-34aed9640bbb"><testcase classname="backend.tests.test_new_metrics.TestActivityModelFields" name="test_create_activity_with_fact_finders" time="0.355" /><testcase classname="backend.tests.test_new_metrics.TestActivityModelFields" name="test_create_activity_with_bankers_premium" time="0.045"><failure message="AssertionError: Failed to create activity: {&quot;detail&quot;:&quot;Activity already exists for this date&quot;}&#10;assert 400 in [200, 201]&#10; +  where 400 = &lt;Response [400]&gt;.status_code">backend/tests/test_new_metrics.py:94: in test_create_activity_with_bankers_premium
    assert response.status_code in [200, 201], f"Failed to create activity: {response.text}"
E   AssertionError: Failed to create activity: {"detail":"Activity already exists for this date"}
E   assert 400 in [200, 201]
E    +  where 400 = &lt;Response [400]&gt;.status_code</failure></testcase><testcase classname="backend.tests.test_new_metrics.TestStatsEndpoint" name="test_stats_includes_fact_finders" time="0.054" /><testcase classname="backend.tests.test_new_metrics.TestStatsEndpoint" name="test_stats_includes_bankers_premium" time="0.042" /><testcase classname="backend.tests.test_new_metrics.TestStatsEndpoint" name="test_stats_premium_separate_from_bankers_premium" time="0.039" /><testcase classname="backend.tests.test_new_metrics.TestStatsEndpoint" name="test_stats_all_periods" time="0.196" /><testcase classname="backend.tests.test_new_metrics.TestTeamHierarchyEndpoint" name="test_hierarchy_includes_fact_finders" time="0.041" /><testcase classname="backend.tests.test_new_metrics.TestTeamHierarchyEndpoint" name="test_hierarchy_includes_bankers_premium" time="0.040" /><testcase classname="backend.tests.test_new_metrics.TestTeamHierarchyEndpoint" name="test_hierarchy_premium_separate_from_bankers_premium" time="0.040" /><testcase classname="backend.tests.test_new_metrics.TestTeamHierarchyEndpoint" name="test_hierarchy_all_periods" time="0.179" /><testcase classname="backend.tests.test_new_metrics.TestLeaderboardEndpoint" name="test_leaderboard_includes_fact_finders_category" time="0.037" /><testcase classname="backend.tests.test_new_metrics.TestLeaderboardEndpoint" name="test_leaderboard_includes_bankers_premium_category" time="0.041" /><testcase classname="backend.tests.test_new_metrics.TestLeaderboardEndpoint" name="test_leaderboard_premium_separate_from_bankers_premium" time="0.037" /><testcase classname="backend.tests.test_new_metrics.TestLeaderboardEndpoint" name="test_leaderboard_config_includes_new_metrics" time="0.041"><failure message="AssertionError: fact_finders not in leaderboard config: ['premium', 'presentations', 'sales', 'apps', 'contacts', 'appointments', 'referrals', 'testimonials', 'new_face_sold']&#10;assert 'fact_finders' in ['premium', 'presentations', 'sales', 'apps', 'contacts', 'appointments', ...]">backend/tests/test_new_metrics.py:253: in test_leaderboard_config_includes_new_metrics
    assert "fact_finders" in metric_ids, f"fact_finders not in leaderboard config: {metric_ids}"
E   AssertionError: fact_finders not in leaderboard config: ['premium', 'presentations', 'sales', 'apps', 'contacts', 'appointments', 'referrals', 'testimonials', 'new_face_sold']
E   assert 'fact_finders' in ['premium', 'presentations', 'sales', 'apps', 'contacts', 'appointments', ...]</failure></testcase><testcase classname="backend.tests.test_new_metrics.TestLeaderboardEndpoint" name="test_leaderboard_all_periods" time="0.154" /><testcase classname="backend.tests.test_new_metrics.TestCriticalSeparation" name="test_activity_creation_preserves_separation" time="0.039"><failure message="AssertionError: Failed to create activity: {&quot;detail&quot;:&quot;Activity already exists for this date&quot;}&#10;assert 400 in [200, 201]&#10; +  where 400 = &lt;Response [400]&gt;.status_code">backend/tests/test_new_metrics.py:300: in test_activity_creation_preserves_separation
    assert response.status_code in [200, 201], f"Failed to create activity: {response.text}"
E   AssertionError: Failed to create activity: {"detail":"Activity already exists for this date"}
E   assert 400 in [200, 201]
E    +  where 400 = &lt;Response [400]&gt;.status_code</failure></testcase><testcase classname="backend.tests.test_new_metrics.TestCriticalSeparation" name="test_stats_aggregation_keeps_separation" time="0.039" /><testcase classname="backend.tests.test_new_metrics.TestActivityInputFields" name="test_activity_accepts_fact_finders_integer" time="0.039"><failure message="AssertionError: Failed: {&quot;detail&quot;:&quot;Activity already exists for this date&quot;}&#10;assert 400 in [200, 201]&#10; +  where 400 = &lt;Response [400]&gt;.status_code">backend/tests/test_new_metrics.py:361: in test_activity_accepts_fact_finders_integer
    assert response.status_code in [200, 201], f"Failed: {response.text}"
E   AssertionError: Failed: {"detail":"Activity already exists for this date"}
E   assert 400 in [200, 201]
E    +  where 400 = &lt;Response [400]&gt;.status_code</failure></testcase><testcase classname="backend.tests.test_new_metrics.TestActivityInputFields" name="test_activity_accepts_bankers_premium_float" time="0.038"><failure message="AssertionError: Failed: {&quot;detail&quot;:&quot;Activity already exists for this date&quot;}&#10;assert 400 in [200, 201]&#10; +  where 400 = &lt;Response [400]&gt;.status_code">backend/tests/test_new_metrics.py:384: in test_activity_accepts_bankers_premium_float
    assert response.status_code in [200, 201], f"Failed: {response.text}"
E   AssertionError: Failed: {"detail":"Activity already exists for this date"}
E   assert 400 in [200, 201]
E    +  where 400 = &lt;Response [400]&gt;.status_code</failure></testcase></testsuite></testsuites>