<?xml version="1.0" encoding="utf-8"?><testsuites name="pytest tests"><testsuite name="pytest" errors="0" failures="0" skipped="0" tests="13" time="0.868" timestamp="2026-02-03T15:56:27.893762+00:00" hostname="agent-env-aff76dbf-f373-444d-8da1-9d20eb02bae2"><testcase classname="backend.tests.test_recruit_files.TestRecruitFilesListEndpoint" name="test_list_files_success" time="0.333" /><testcase classname="backend.tests.test_recruit_files.TestRecruitFilesListEndpoint" name="test_list_files_nonexistent_recruit" time="0.013" /><testcase classname="backend.tests.test_recruit_files.TestRecruitFilesListEndpoint" name="test_list_files_unauthenticated" time="0.010" /><testcase classname="backend.tests.test_recruit_files.TestRecruitFileUploadEndpoint" name="test_upload_pdf_file_success" time="0.038" /><testcase classname="backend.tests.test_recruit_files.TestRecruitFileUploadEndpoint" name="test_upload_invalid_file_type" time="0.038" /><testcase classname="backend.tests.test_recruit_files.TestRecruitFileUploadEndpoint" name="test_upload_to_nonexistent_recruit" time="0.035" /><testcase classname="backend.tests.test_recruit_files.TestRecruitFileDownloadEndpoint" name="test_download_existing_file" time="0.012" /><testcase classname="backend.tests.test_recruit_files.TestRecruitFileDownloadEndpoint" name="test_download_nonexistent_file" time="0.012" /><testcase classname="backend.tests.test_recruit_files.TestRecruitFileDeleteEndpoint" name="test_delete_uploaded_file" time="0.011" /><testcase classname="backend.tests.test_recruit_files.TestRecruitFileDeleteEndpoint" name="test_delete_nonexistent_file" time="0.011" /><testcase classname="backend.tests.test_recruit_files.TestRecruitFileAccessControl" name="test_team_isolation_enforced" time="0.009" /><testcase classname="backend.tests.test_recruit_files.TestRecruitFileAccessControl" name="test_storage_key_not_exposed" time="0.051" /><testcase classname="backend.tests.test_recruit_files.TestRecruitFileIntegration" name="test_full_upload_download_delete_workflow" time="0.176" /></testsuite></testsuites>