<?xml version="1.0" encoding="utf-8"?><testsuites name="pytest tests"><testsuite name="pytest" errors="0" failures="3" skipped="0" tests="23" time="1.708" timestamp="2026-01-27T06:13:18.600783+00:00" hostname="agent-env-e1c2a4be-8f9f-42bf-8d7c-50a578604571"><testcase classname="backend.tests.test_regression_multitenancy.TestLoginAndUserData" name="test_state_manager_login" time="0.304" /><testcase classname="backend.tests.test_regression_multitenancy.TestLoginAndUserData" name="test_user_has_team_assignment" time="0.318" /><testcase classname="backend.tests.test_regression_multitenancy.TestTeamMembersAndHierarchy" name="test_get_team_members" time="0.044" /><testcase classname="backend.tests.test_regression_multitenancy.TestTeamMembersAndHierarchy" name="test_get_hierarchy" time="0.072"><failure message="AssertionError: assert False&#10; +  where False = isinstance({'children': [{'children': [{'children': [], 'created_at': '2025-12-01T05:19:49.826454+00:00', 'email': 'agent1.steve@test.com', 'id': '909b0918-751b-447e-8484-6af14e623d48', ...}, {'children': [], 'created_at': '2025-12-01T05:19:50.104554+00:00', 'email': 'agent2.steve@test.com', 'id': '8e0b0890-cd7a-4102-8235-347fb693d14f', ...}], 'created_at': '2025-12-01T05:19:49.336321+00:00', 'email': 'steve.ahlers@test.com', 'id': 'dbb800f9-68d0-4842-95da-60579eac031b', ...}, {'children': [{'children': [], 'created_at': '2025-12-01T05:19:50.378168+00:00', 'email': 'agent3.ryan@test.com', 'id': 'be5e0b5c-1437-4c4a-80f6-f526b73c6188', ...}], 'created_at': '2025-12-01T05:19:49.574365+00:00', 'email': 'ryan.rozell@test.com', 'id': 'a5ee99d4-2cdc-472b-b546-3dc0490364d9', ...}, {'children': [{'children': [], 'created_at': '2025-12-01T15:35:42.474027+00:00', 'email': 'agent.forgot@test.com', 'id': '29424aa6-76c9-4773-9ac1-f07aafa8f46d', ...}], 'created_at': '2025-12-01T15:35:42.183179+00:00', 'email': 'district.manager.forgot@test.com', 'id': 'd054f444-3b27-4c81-adbf-757337936743', ...}, {'children': [{'children': [], 'created_at': '2025-12-01T15:49:50.880040+00:00', 'email': 'agent.admin@test.com', 'id': '2fff4a1f-6bcf-491d-957c-00b4daaf7f6e', ...}], 'created_at': '2025-12-01T15:49:50.633573+00:00', 'email': 'district.manager.admin@test.com', 'id': '22e5c27f-1bb9-4c69-9d0b-8c76be86ae59', ...}, {'children': [{'children': [{...}], 'created_at': '2025-12-05T22:33:14.229056+00:00', 'email': 'district.manager.newface@test.com', 'id': 'daf3e586-7993-4e48-be21-f86104cda31b', ...}], 'created_at': '2025-12-05T22:33:13.973970+00:00', 'email': 'regional.manager.newface@test.com', 'id': '7d513f53-b1a0-4e76-bf86-b1c66f2899fc', ...}, {'children': [{'children': [{...}], 'created_at': '2026-01-06T17:58:02.609150+00:00', 'email': 'district.manager.interview@test.com', 'id': '7f3c5eaf-9d8a-4b59-89c0-2445946e0b01', ...}], 'created_at': '2026-01-06T17:58:02.362833+00:00', 'email': 'regional.manager.interview@test.com', 'id': '59ed7a4b-0705-457a-ade6-6b7830eba302', ...}, ...], 'created_at': '2025-10-26T21:01:09.741162+00:00', 'email': 'spencer.sudbeck@pmagent.net', 'id': 'c8171109-3850-44c2-86e2-84c9dbb4e492', ...}, list)">backend/tests/test_regression_multitenancy.py:88: in test_get_hierarchy
    assert isinstance(hierarchy, list)
E   AssertionError: assert False
E    +  where False = isinstance({'children': [{'children': [{'children': [], 'created_at': '2025-12-01T05:19:49.826454+00:00', 'email': 'agent1.steve@test.com', 'id': '909b0918-751b-447e-8484-6af14e623d48', ...}, {'children': [], 'created_at': '2025-12-01T05:19:50.104554+00:00', 'email': 'agent2.steve@test.com', 'id': '8e0b0890-cd7a-4102-8235-347fb693d14f', ...}], 'created_at': '2025-12-01T05:19:49.336321+00:00', 'email': 'steve.ahlers@test.com', 'id': 'dbb800f9-68d0-4842-95da-60579eac031b', ...}, {'children': [{'children': [], 'created_at': '2025-12-01T05:19:50.378168+00:00', 'email': 'agent3.ryan@test.com', 'id': 'be5e0b5c-1437-4c4a-80f6-f526b73c6188', ...}], 'created_at': '2025-12-01T05:19:49.574365+00:00', 'email': 'ryan.rozell@test.com', 'id': 'a5ee99d4-2cdc-472b-b546-3dc0490364d9', ...}, {'children': [{'children': [], 'created_at': '2025-12-01T15:35:42.474027+00:00', 'email': 'agent.forgot@test.com', 'id': '29424aa6-76c9-4773-9ac1-f07aafa8f46d', ...}], 'created_at': '2025-12-01T15:35:42.183179+00:00', 'email': 'district.manager.forgot@test.com', 'id': 'd054f444-3b27-4c81-adbf-757337936743', ...}, {'children': [{'children': [], 'created_at': '2025-12-01T15:49:50.880040+00:00', 'email': 'agent.admin@test.com', 'id': '2fff4a1f-6bcf-491d-957c-00b4daaf7f6e', ...}], 'created_at': '2025-12-01T15:49:50.633573+00:00', 'email': 'district.manager.admin@test.com', 'id': '22e5c27f-1bb9-4c69-9d0b-8c76be86ae59', ...}, {'children': [{'children': [{...}], 'created_at': '2025-12-05T22:33:14.229056+00:00', 'email': 'district.manager.newface@test.com', 'id': 'daf3e586-7993-4e48-be21-f86104cda31b', ...}], 'created_at': '2025-12-05T22:33:13.973970+00:00', 'email': 'regional.manager.newface@test.com', 'id': '7d513f53-b1a0-4e76-bf86-b1c66f2899fc', ...}, {'children': [{'children': [{...}], 'created_at': '2026-01-06T17:58:02.609150+00:00', 'email': 'district.manager.interview@test.com', 'id': '7f3c5eaf-9d8a-4b59-89c0-2445946e0b01', ...}], 'created_at': '2026-01-06T17:58:02.362833+00:00', 'email': 'regional.manager.interview@test.com', 'id': '59ed7a4b-0705-457a-ade6-6b7830eba302', ...}, ...], 'created_at': '2025-10-26T21:01:09.741162+00:00', 'email': 'spencer.sudbeck@pmagent.net', 'id': 'c8171109-3850-44c2-86e2-84c9dbb4e492', ...}, list)</failure></testcase><testcase classname="backend.tests.test_regression_multitenancy.TestActivitiesWithTeamScope" name="test_get_my_activities" time="0.041" /><testcase classname="backend.tests.test_regression_multitenancy.TestActivitiesWithTeamScope" name="test_get_team_activities" time="0.041" /><testcase classname="backend.tests.test_regression_multitenancy.TestActivitiesWithTeamScope" name="test_save_activity" time="0.039"><failure message="assert 400 == 200&#10; +  where 400 = &lt;Response [400]&gt;.status_code">backend/tests/test_regression_multitenancy.py:129: in test_save_activity
    assert response.status_code == 200
E   assert 400 == 200
E    +  where 400 = &lt;Response [400]&gt;.status_code</failure></testcase><testcase classname="backend.tests.test_regression_multitenancy.TestNPATrackerWithTeamScope" name="test_get_npa_tracker" time="0.042" /><testcase classname="backend.tests.test_regression_multitenancy.TestInterviewsWithTeamScope" name="test_get_interviews" time="0.039" /><testcase classname="backend.tests.test_regression_multitenancy.TestRecruitingWithTeamScope" name="test_get_recruiting" time="0.041" /><testcase classname="backend.tests.test_regression_multitenancy.TestSuitabilityFormsWithTeamScope" name="test_get_suitability_forms" time="0.042" /><testcase classname="backend.tests.test_regression_multitenancy.TestReportsWithTeamScope" name="test_get_daily_report" time="0.051" /><testcase classname="backend.tests.test_regression_multitenancy.TestReportsWithTeamScope" name="test_get_period_report" time="0.054" /><testcase classname="backend.tests.test_regression_multitenancy.TestReportsWithTeamScope" name="test_get_managers_list" time="0.051" /><testcase classname="backend.tests.test_regression_multitenancy.TestLeaderboardWithTeamScope" name="test_get_leaderboard" time="0.046"><failure message="AssertionError: assert False&#10; +  where False = isinstance({'new_face_sold': [{'name': 'Spencer Sudbeck', 'new_face_sold': 0.0, 'premium': 100.0, 'presentations': 1.0, ...}], 'premium': [{'name': 'Spencer Sudbeck', 'new_face_sold': 0.0, 'premium': 100.0, 'presentations': 1.0, ...}], 'presentations': [{'name': 'Spencer Sudbeck', 'new_face_sold': 0.0, 'premium': 100.0, 'presentations': 1.0, ...}], 'referrals': [{'name': 'Spencer Sudbeck', 'new_face_sold': 0.0, 'premium': 100.0, 'presentations': 1.0, ...}], ...}, list)">backend/tests/test_regression_multitenancy.py:221: in test_get_leaderboard
    assert isinstance(leaderboard, list)
E   AssertionError: assert False
E    +  where False = isinstance({'new_face_sold': [{'name': 'Spencer Sudbeck', 'new_face_sold': 0.0, 'premium': 100.0, 'presentations': 1.0, ...}], 'premium': [{'name': 'Spencer Sudbeck', 'new_face_sold': 0.0, 'premium': 100.0, 'presentations': 1.0, ...}], 'presentations': [{'name': 'Spencer Sudbeck', 'new_face_sold': 0.0, 'premium': 100.0, 'presentations': 1.0, ...}], 'referrals': [{'name': 'Spencer Sudbeck', 'new_face_sold': 0.0, 'premium': 100.0, 'presentations': 1.0, ...}], ...}, list)</failure></testcase><testcase classname="backend.tests.test_regression_multitenancy.TestGoalsWithTeamScope" name="test_get_pma_bonuses" time="0.039" /><testcase classname="backend.tests.test_regression_multitenancy.TestNewFaceCustomersWithTeamScope" name="test_get_my_new_face_customers" time="0.043" /><testcase classname="backend.tests.test_regression_multitenancy.TestPMABonusesWithTeamScope" name="test_get_pma_bonuses" time="0.039" /><testcase classname="backend.tests.test_regression_multitenancy.TestDocuSphereWithTeamScope" name="test_get_docusphere_folders" time="0.039" /><testcase classname="backend.tests.test_regression_multitenancy.TestAdminPanelAccess" name="test_admin_teams_access" time="0.042" /><testcase classname="backend.tests.test_regression_multitenancy.TestAdminPanelAccess" name="test_admin_users_access" time="0.046" /><testcase classname="backend.tests.test_regression_multitenancy.TestDataIsolation" name="test_all_users_have_team_id" time="0.043" /><testcase classname="backend.tests.test_regression_multitenancy.TestDataIsolation" name="test_team_members_match_admin_count" time="0.087" /></testsuite></testsuites>